-------------------------------------------------------------------------------
Test set: com.nonsense.languageweb.NonsenseApplicationTest
-------------------------------------------------------------------------------
Tests run: 13, Failures: 0, Errors: 4, Skipped: 0, Time elapsed: 0.441 s <<< FAILURE! -- in com.nonsense.languageweb.NonsenseApplicationTest
com.nonsense.languageweb.NonsenseApplicationTest.testHomePageWithPastTense -- Time elapsed: 0.349 s <<< ERROR!
java.lang.IllegalArgumentException: bound must be positive
	at java.base/java.util.Random.nextInt(Random.java:557)
	at com.nonsense.languageweb.Noun.<init>(Noun.java:21)
	at com.nonsense.languageweb.TemplateFiller.fill(TemplateFiller.java:54)
	at com.nonsense.languageweb.NonsenseApplication.home(NonsenseApplication.java:198)
	at com.nonsense.languageweb.NonsenseApplicationTest.testHomePageWithPastTense(NonsenseApplicationTest.java:75)
	at java.base/java.lang.reflect.Method.invoke(Method.java:580)
	at java.base/java.util.ArrayList.forEach(ArrayList.java:1596)
	at java.base/java.util.ArrayList.forEach(ArrayList.java:1596)

com.nonsense.languageweb.NonsenseApplicationTest.testHomePageWithSentenceAnalysis -- Time elapsed: 0.006 s <<< ERROR!
java.lang.IllegalArgumentException: bound must be positive
	at java.base/java.util.Random.nextInt(Random.java:557)
	at com.nonsense.languageweb.Noun.<init>(Noun.java:21)
	at com.nonsense.languageweb.TemplateFiller.fill(TemplateFiller.java:54)
	at com.nonsense.languageweb.NonsenseApplication.home(NonsenseApplication.java:198)
	at com.nonsense.languageweb.NonsenseApplicationTest.testHomePageWithSentenceAnalysis(NonsenseApplicationTest.java:51)
	at java.base/java.lang.reflect.Method.invoke(Method.java:580)
	at java.base/java.util.ArrayList.forEach(ArrayList.java:1596)
	at java.base/java.util.ArrayList.forEach(ArrayList.java:1596)

com.nonsense.languageweb.NonsenseApplicationTest.testHomePageWithManualTemplateSelection -- Time elapsed: 0.005 s <<< ERROR!
java.lang.IllegalArgumentException: Il template non ha il formato corretto: manca '. ' o ' | ' oppure l'ordine Ã¨ sbagliato
	at com.nonsense.languageweb.TemplateFiller.fill(TemplateFiller.java:48)
	at com.nonsense.languageweb.NonsenseApplication.home(NonsenseApplication.java:198)
	at com.nonsense.languageweb.NonsenseApplicationTest.testHomePageWithManualTemplateSelection(NonsenseApplicationTest.java:65)
	at java.base/java.lang.reflect.Method.invoke(Method.java:580)
	at java.base/java.util.ArrayList.forEach(ArrayList.java:1596)
	at java.base/java.util.ArrayList.forEach(ArrayList.java:1596)

com.nonsense.languageweb.NonsenseApplicationTest.testHomePageLoadsSuccessfully -- Time elapsed: 0.005 s <<< ERROR!
java.lang.IllegalArgumentException: bound must be positive
	at java.base/java.util.Random.nextInt(Random.java:557)
	at com.nonsense.languageweb.Noun.<init>(Noun.java:21)
	at com.nonsense.languageweb.TemplateFiller.fill(TemplateFiller.java:54)
	at com.nonsense.languageweb.NonsenseApplication.home(NonsenseApplication.java:198)
	at com.nonsense.languageweb.NonsenseApplicationTest.testHomePageLoadsSuccessfully(NonsenseApplicationTest.java:40)
	at java.base/java.lang.reflect.Method.invoke(Method.java:580)
	at java.base/java.util.ArrayList.forEach(ArrayList.java:1596)
	at java.base/java.util.ArrayList.forEach(ArrayList.java:1596)

