<?xml version="1.0" encoding="UTF-8"?>
<testsuite xmlns:xsi="http://www.w3.org/2001/XMLSchema-instance" xsi:noNamespaceSchemaLocation="https://maven.apache.org/surefire/maven-surefire-plugin/xsd/surefire-test-report.xsd" version="3.0.2" name="com.nonsense.languageweb.LanguagewebApplicationTests" time="5.108" tests="1" errors="0" skipped="0" failures="0">
  <properties>
[...]
</properties>
  <testcase name="contextLoads" classname="com.nonsense.languageweb.LanguagewebApplicationTests" time="1.144">
    <system-out><![CDATA[Standard Commons Logging discovery in action with spring-jcl: please remove commons-logging.jar from classpath in order to avoid potential conflicts
22:51:07.382 [main] INFO org.springframework.test.context.support.AnnotationConfigContextLoaderUtils -- Could not detect default configuration classes for test class [com.nonsense.languageweb.LanguagewebApplicationTests]: LanguagewebApplicationTests does not declare any static, non-private, non-final, nested classes annotated with @Configuration.
22:51:07.649 [main] INFO org.springframework.boot.test.context.SpringBootTestContextBootstrapper -- Found @SpringBootConfiguration com.nonsense.languageweb.LanguagewebApplication for test class com.nonsense.languageweb.LanguagewebApplicationTests
22:51:07.904 [main] INFO org.springframework.boot.devtools.restart.RestartApplicationListener -- Restart disabled due to context in which it is running

  .   ____          _            __ _ _
 /\\ / ___'_ __ _ _(_)_ __  __ _ \ \ \ \
( ( )\___ | '_ | '_| | '_ \/ _` | \ \ \ \
 \\/  ___)| |_)| | | | | || (_| |  ) ) ) )
  '  |____| .__|_| |_|_| |_\__, | / / / /
 =========|_|==============|___/=/_/_/_/

 :: Spring Boot ::                (v3.4.5)

2025-05-20T22:51:08.527+02:00  INFO 75210 --- [languageweb] [           main] c.n.l.LanguagewebApplicationTests        : Starting LanguagewebApplicationTests using Java 21.0.7 with PID 75210 (started by jacopo in /home/jacopo/Downloads/languagewebb/languageweb)
2025-05-20T22:51:08.531+02:00  INFO 75210 --- [languageweb] [           main] c.n.l.LanguagewebApplicationTests        : No active profile set, falling back to 1 default profile: "default"
2025-05-20T22:51:10.461+02:00  INFO 75210 --- [languageweb] [           main] o.s.b.a.w.s.WelcomePageHandlerMapping    : Adding welcome page: class path resource [static/index.html]
2025-05-20T22:51:10.779+02:00  WARN 75210 --- [languageweb] [           main] ion$DefaultTemplateResolverConfiguration : Cannot find template location: classpath:/templates/ (please add some templates, check your Thymeleaf configuration, or set spring.thymeleaf.check-template-location=false)
2025-05-20T22:51:10.966+02:00  INFO 75210 --- [languageweb] [           main] c.n.l.LanguagewebApplicationTests        : Started LanguagewebApplicationTests in 3.082 seconds (process running for 5.311)
]]></system-out>
    <system-err><![CDATA[Error reading templates: resources/sentence_templates.txt
Error reading past tense verbs: resources/past.txt (No such file or directory)
Mockito is currently self-attaching to enable the inline-mock-maker. This will no longer work in future releases of the JDK. Please add Mockito as an agent to your build what is described in Mockito's documentation: https://javadoc.io/doc/org.mockito/mockito-core/latest/org/mockito/Mockito.html#0.3
WARNING: A Java agent has been loaded dynamically (/home/jacopo/.m2/repository/net/bytebuddy/byte-buddy-agent/1.15.11/byte-buddy-agent-1.15.11.jar)
WARNING: If a serviceability tool is in use, please run with -XX:+EnableDynamicAgentLoading to hide this warning
WARNING: If a serviceability tool is not in use, please run with -Djdk.instrument.traceUsage for more information
WARNING: Dynamic loading of agents will be disallowed by default in a future release
]]></system-err>
  </testcase>
</testsuite>